<?xml version="1.0" encoding="UTF-8"?>
<!-- Generated by org.testng.reporters.JUnitReportReporter -->
<testsuite skipped="0" hostname="Ashish-PC" name="com.freecrm.qa.test.Loginpagetest" tests="4" failures="0" timestamp="14 Jun 2019 05:57:28 GMT" time="89.453" errors="0">
  <testcase name="validatetittle" time="14.974" classname="com.freecrm.qa.test.Loginpagetest"/>
  <testcase name="verifysignuptest" time="15.997" classname="com.freecrm.qa.test.Loginpagetest"/>
  <testcase name="validatelogo" time="12.994" classname="com.freecrm.qa.test.Loginpagetest"/>
  <testcase name="login" time="45.488" classname="com.freecrm.qa.test.Loginpagetest"/>
</testsuite> <!-- com.freecrm.qa.test.Loginpagetest -->
