<?xml version="1.0" encoding="UTF-8"?>
<!-- Generated by org.testng.reporters.JUnitReportReporter -->
<testsuite skipped="1" hostname="Ashish-PC" name="com.freecrm.qa.test.Companyandcombinedformtest" tests="1" failures="0" timestamp="08 May 2019 06:31:25 GMT" time="0.000" errors="0">
  <testcase name="verifycombinedformtest" time="0.000" classname="com.freecrm.qa.test.Companyandcombinedformtest">
    <skipped/>
  </testcase> <!-- verifycombinedformtest -->
</testsuite> <!-- com.freecrm.qa.test.Companyandcombinedformtest -->
