<?xml version="1.0" encoding="UTF-8"?>
<!-- Generated by org.testng.reporters.JUnitReportReporter -->
<testsuite skipped="0" hostname="Ashish-PC" name="com.freecrm.qa.test.Contactpagetest" tests="1" failures="0" timestamp="03 Apr 2019 17:28:08 GMT" time="29.604" errors="0">
  <testcase name="labeldisplayed" time="29.604" classname="com.freecrm.qa.test.Contactpagetest"/>
</testsuite> <!-- com.freecrm.qa.test.Contactpagetest -->
