<?xml version="1.0" encoding="UTF-8"?>
<!-- Generated by org.testng.reporters.JUnitReportReporter -->
<testsuite skipped="0" hostname="Ashish-PC" name="com.freecrm.qa.test.Homepagetest" tests="33" failures="0" timestamp="02 May 2019 09:24:56 GMT" time="777.850" errors="0">
  <testcase name="verifthomepagetittletest" time="26.777" classname="com.freecrm.qa.test.Homepagetest"/>
  <testcase name="verifycorrectusernametest" time="23.592" classname="com.freecrm.qa.test.Homepagetest"/>
  <testcase name="verifycontactslink" time="23.878" classname="com.freecrm.qa.test.Homepagetest"/>
  <testcase name="verifydealslink" time="26.163" classname="com.freecrm.qa.test.Homepagetest"/>
  <testcase name="verifytasklink" time="21.524" classname="com.freecrm.qa.test.Homepagetest"/>
  <testcase name="verifycaselink" time="20.318" classname="com.freecrm.qa.test.Homepagetest"/>
  <testcase name="verifycalllink" time="22.300" classname="com.freecrm.qa.test.Homepagetest"/>
  <testcase name="verifyemaillink" time="22.028" classname="com.freecrm.qa.test.Homepagetest"/>
  <testcase name="verifytextsmslink" time="18.931" classname="com.freecrm.qa.test.Homepagetest"/>
  <testcase name="verifycampaignpage" time="25.392" classname="com.freecrm.qa.test.Homepagetest"/>
  <testcase name="verifynewcompanytest" time="21.045" classname="com.freecrm.qa.test.Homepagetest"/>
  <testcase name="verifyncomcombinedform" time="31.080" classname="com.freecrm.qa.test.Homepagetest"/>
  <testcase name="verifycompanyfullsearchform" time="24.708" classname="com.freecrm.qa.test.Homepagetest"/>
  <testcase name="verifynewcontactform" time="23.162" classname="com.freecrm.qa.test.Homepagetest"/>
  <testcase name="verifynewcontactcombinedformlink" time="26.830" classname="com.freecrm.qa.test.Homepagetest"/>
  <testcase name="verifynewcontactfullsearchformlink" time="24.069" classname="com.freecrm.qa.test.Homepagetest"/>
  <testcase name="verifynewdealslink" time="20.811" classname="com.freecrm.qa.test.Homepagetest"/>
  <testcase name="verifyproductpage" time="22.850" classname="com.freecrm.qa.test.Homepagetest"/>
  <testcase name="verifydealfullsearchform" time="23.856" classname="com.freecrm.qa.test.Homepagetest"/>
  <testcase name="verifynewtaskform" time="26.872" classname="com.freecrm.qa.test.Homepagetest"/>
  <testcase name="verifynewtaskfullsearch" time="22.289" classname="com.freecrm.qa.test.Homepagetest"/>
  <testcase name="verifynewcaselink" time="22.572" classname="com.freecrm.qa.test.Homepagetest"/>
  <testcase name="verifycasefullsearch" time="22.542" classname="com.freecrm.qa.test.Homepagetest"/>
  <testcase name="verifynewcallpagetest" time="24.142" classname="com.freecrm.qa.test.Homepagetest"/>
  <testcase name="verifycallscriptpage" time="25.142" classname="com.freecrm.qa.test.Homepagetest"/>
  <testcase name="verifycalllistpage" time="22.565" classname="com.freecrm.qa.test.Homepagetest"/>
  <testcase name="verifynewemailcampaign" time="25.069" classname="com.freecrm.qa.test.Homepagetest"/>
  <testcase name="verifyemailaccount" time="22.547" classname="com.freecrm.qa.test.Homepagetest"/>
  <testcase name="verifycustomizemaillink" time="23.067" classname="com.freecrm.qa.test.Homepagetest"/>
  <testcase name="verifymailsignature" time="20.472" classname="com.freecrm.qa.test.Homepagetest"/>
  <testcase name="verifytextsmscampaign" time="23.194" classname="com.freecrm.qa.test.Homepagetest"/>
  <testcase name="verifytextsmatemplate" time="22.072" classname="com.freecrm.qa.test.Homepagetest"/>
  <testcase name="verifytextsmscredits" time="25.991" classname="com.freecrm.qa.test.Homepagetest"/>
</testsuite> <!-- com.freecrm.qa.test.Homepagetest -->
