<?xml version="1.0" encoding="UTF-8"?>
<!-- Generated by org.testng.reporters.JUnitReportReporter -->
<testsuite skipped="0" hostname="Ashish-PC" name="com.freecrm.qa.test.Contactfullsearchtest" tests="1" failures="0" timestamp="02 May 2019 11:02:24 GMT" time="32.877" errors="0">
  <testcase name="verifycontactfullsearchtest" time="32.877" classname="com.freecrm.qa.test.Contactfullsearchtest"/>
</testsuite> <!-- com.freecrm.qa.test.Contactfullsearchtest -->
